app/build/intermediates/manifest_merge_blame_file/debug/manifest-merger-blame-debug-report.txt
1<?xml version="1.0" encoding="utf-8"?>
2<manifest xmlns:android="http://schemas.android.com/apk/res/android"
3    package="app.smart.com.alcohaldetection"
4    android:versionCode="1"
5    android:versionName="1.0" >
6
7    <uses-sdk
8        android:minSdkVersion="21"
8-->src\main\AndroidManifest.xml
9        android:targetSdkVersion="31" />
9-->src\main\AndroidManifest.xml
10
11    <uses-permission android:name="android.permission.ACCESS_NETWORK_STATE" />
11-->src\main\AndroidManifest.xml:5:5-79
11-->src\main\AndroidManifest.xml:5:22-76
12    <uses-permission android:name="android.permission.READ_PHONE_STATE" />
12-->src\main\AndroidManifest.xml:6:5-91
12-->src\main\AndroidManifest.xml:6:22-72
13    <uses-permission android:name="android.permission.WRITE_EXTERNAL_STORAGE" />
13-->src\main\AndroidManifest.xml:7:5-81
13-->src\main\AndroidManifest.xml:7:22-78
14    <uses-permission android:name="android.permission.READ_EXTERNAL_STORAGE" />
14-->src\main\AndroidManifest.xml:8:5-80
14-->src\main\AndroidManifest.xml:8:22-77
15    <uses-permission android:name="android.permission.INTERNET" />
15-->src\main\AndroidManifest.xml:9:5-67
15-->src\main\AndroidManifest.xml:9:22-64
16    <uses-permission android:name="android.permission.CAMERA" />
16-->src\main\AndroidManifest.xml:10:5-65
16-->src\main\AndroidManifest.xml:10:22-62
17    <uses-permission android:name="android.permission.ACCESS_COARSE_LOCATION" />
17-->src\main\AndroidManifest.xml:11:5-97
17-->src\main\AndroidManifest.xml:11:22-78
18    <uses-permission android:name="android.permission.ACCESS_FINE_LOCATION" />
18-->src\main\AndroidManifest.xml:12:5-95
18-->src\main\AndroidManifest.xml:12:22-76
19    <uses-permission android:name="android.permission.SEND_SMS" />
19-->src\main\AndroidManifest.xml:13:5-67
19-->src\main\AndroidManifest.xml:13:22-64
20
21    <uses-feature
21-->src\main\AndroidManifest.xml:15:5-17:36
22        android:name="android.hardware.camera"
22-->src\main\AndroidManifest.xml:16:9-47
23        android:required="false" />
23-->src\main\AndroidManifest.xml:17:9-33
24    <uses-feature
24-->src\main\AndroidManifest.xml:18:5-20:36
25        android:name="android.hardware.camera.autofocus"
25-->src\main\AndroidManifest.xml:19:9-57
26        android:required="false" />
26-->src\main\AndroidManifest.xml:20:9-33
27    <uses-feature
27-->src\main\AndroidManifest.xml:21:5-23:36
28        android:name="android.hardware.camera.front"
28-->src\main\AndroidManifest.xml:22:9-53
29        android:required="false" />
29-->src\main\AndroidManifest.xml:23:9-33
30    <uses-feature
30-->src\main\AndroidManifest.xml:24:5-26:36
31        android:name="android.hardware.camera.front.autofocus"
31-->src\main\AndroidManifest.xml:25:9-63
32        android:required="false" />
32-->src\main\AndroidManifest.xml:26:9-33
33
34    <!-- Optional permission for Analytics to run. -->
35    <uses-permission android:name="android.permission.WAKE_LOCK" /> <!-- Required by older versions of Google Play services to create GCM registration tokens -->
35-->[com.google.android.gms:play-services-analytics:12.0.1] AndroidManifest.xml:27:5-68
35-->[com.google.android.gms:play-services-analytics:12.0.1] AndroidManifest.xml:27:22-65
36    <uses-permission android:name="com.google.android.c2dm.permission.RECEIVE" />
36-->[com.google.android.gms:play-services-gcm:12.0.1] AndroidManifest.xml:23:5-82
36-->[com.google.android.gms:play-services-gcm:12.0.1] AndroidManifest.xml:23:22-79
37
38    <uses-feature
38-->[com.google.android.gms:play-services-maps:12.0.1] AndroidManifest.xml:26:5-28:35
39        android:glEsVersion="0x00020000"
39-->[com.google.android.gms:play-services-maps:12.0.1] AndroidManifest.xml:27:9-41
40        android:required="true" />
40-->[com.google.android.gms:play-services-maps:12.0.1] AndroidManifest.xml:28:9-32
41
42    <permission
42-->[com.google.firebase:firebase-iid:12.0.1] AndroidManifest.xml:28:5-30:47
43        android:name="app.smart.com.alcohaldetection.permission.C2D_MESSAGE"
43-->[com.google.firebase:firebase-iid:12.0.1] AndroidManifest.xml:29:9-63
44        android:protectionLevel="signature" />
44-->[com.google.firebase:firebase-iid:12.0.1] AndroidManifest.xml:30:9-44
45
46    <uses-permission android:name="app.smart.com.alcohaldetection.permission.C2D_MESSAGE" />
46-->[com.google.firebase:firebase-iid:12.0.1] AndroidManifest.xml:32:5-79
46-->[com.google.firebase:firebase-iid:12.0.1] AndroidManifest.xml:32:22-76
47
48    <application
48-->src\main\AndroidManifest.xml:28:5-87:19
49        android:allowBackup="true"
49-->src\main\AndroidManifest.xml:29:9-35
50        android:appComponentFactory="androidx.core.app.CoreComponentFactory"
50-->[androidx.core:core:1.0.0] AndroidManifest.xml:22:18-86
51        android:debuggable="true"
52        android:icon="@mipmap/ic_launcher"
52-->src\main\AndroidManifest.xml:30:9-43
53        android:label="@string/app_name"
53-->src\main\AndroidManifest.xml:31:9-41
54        android:roundIcon="@mipmap/ic_launcher_round"
54-->src\main\AndroidManifest.xml:32:9-54
55        android:supportsRtl="true"
55-->src\main\AndroidManifest.xml:33:9-35
56        android:testOnly="true"
57        android:theme="@style/AppTheme"
57-->src\main\AndroidManifest.xml:34:9-40
58        android:usesCleartextTraffic="true" >
58-->src\main\AndroidManifest.xml:35:9-44
59        <activity
59-->src\main\AndroidManifest.xml:36:9-38:40
60            android:name="app.smart.com.alcohaldetection.FaceTrackerActivity"
60-->src\main\AndroidManifest.xml:37:13-48
61            android:exported="false" />
61-->src\main\AndroidManifest.xml:38:13-37
62        <activity
62-->src\main\AndroidManifest.xml:39:9-41:39
63            android:name="app.smart.com.alcohaldetection.Test"
63-->src\main\AndroidManifest.xml:40:13-33
64            android:exported="true" />
64-->src\main\AndroidManifest.xml:41:13-36
65
66        <uses-library
66-->src\main\AndroidManifest.xml:43:9-45:40
67            android:name="org.apache.http.legacy"
67-->src\main\AndroidManifest.xml:44:13-50
68            android:required="false" />
68-->src\main\AndroidManifest.xml:45:13-37
69
70        <activity
70-->src\main\AndroidManifest.xml:47:9-51:70
71            android:name="app.smart.com.alcohaldetection.LoginActivity"
71-->src\main\AndroidManifest.xml:48:13-42
72            android:screenOrientation="portrait"
72-->src\main\AndroidManifest.xml:49:13-49
73            android:theme="@style/AppTheme.NoActionBar"
73-->src\main\AndroidManifest.xml:50:13-56
74            android:windowSoftInputMode="adjustResize|stateHidden" />
74-->src\main\AndroidManifest.xml:51:13-67
75        <activity
75-->src\main\AndroidManifest.xml:52:9-56:70
76            android:name="app.smart.com.alcohaldetection.UpdateProfile"
76-->src\main\AndroidManifest.xml:53:13-42
77            android:label="Profile"
77-->src\main\AndroidManifest.xml:54:13-36
78            android:screenOrientation="portrait"
78-->src\main\AndroidManifest.xml:55:13-49
79            android:windowSoftInputMode="adjustResize|stateHidden" />
79-->src\main\AndroidManifest.xml:56:13-67
80        <activity
80-->src\main\AndroidManifest.xml:57:9-60:52
81            android:name="app.smart.com.alcohaldetection.Registration"
81-->src\main\AndroidManifest.xml:58:13-41
82            android:label="Registration"
82-->src\main\AndroidManifest.xml:59:13-41
83            android:screenOrientation="portrait" />
83-->src\main\AndroidManifest.xml:60:13-49
84        <activity
84-->src\main\AndroidManifest.xml:61:9-64:52
85            android:name="app.smart.com.alcohaldetection.OtpActivity"
85-->src\main\AndroidManifest.xml:62:13-40
86            android:label="OTP"
86-->src\main\AndroidManifest.xml:63:13-32
87            android:screenOrientation="portrait" />
87-->src\main\AndroidManifest.xml:64:13-49
88        <activity
88-->src\main\AndroidManifest.xml:65:9-75:20
89            android:name="app.smart.com.alcohaldetection.SplashActivity"
89-->src\main\AndroidManifest.xml:66:13-43
90            android:exported="true"
90-->src\main\AndroidManifest.xml:69:13-36
91            android:screenOrientation="portrait"
91-->src\main\AndroidManifest.xml:67:13-49
92            android:theme="@style/AppTheme.NoActionBar" >
92-->src\main\AndroidManifest.xml:68:13-56
93            <intent-filter>
93-->src\main\AndroidManifest.xml:70:13-74:29
94                <action android:name="android.intent.action.MAIN" />
94-->src\main\AndroidManifest.xml:71:17-69
94-->src\main\AndroidManifest.xml:71:25-66
95
96                <category android:name="android.intent.category.LAUNCHER" />
96-->src\main\AndroidManifest.xml:73:17-77
96-->src\main\AndroidManifest.xml:73:27-74
97            </intent-filter>
98        </activity>
99        <!--
100             The API key for Google Maps-based APIs is defined as a string resource.
101             (See the file "res/values/google_maps_api.xml").
102             Note that the API key is linked to the encryption key used to sign the APK.
103             You need a different API key for each encryption key, including the release key that is used to
104             sign the APK for publishing.
105             You can define the keys for the debug and release targets in src/debug/ and src/release/. 
106        -->
107        <meta-data
107-->src\main\AndroidManifest.xml:84:9-86:55
108            android:name="com.google.android.geo.API_KEY"
108-->src\main\AndroidManifest.xml:85:13-58
109            android:value="@string/google_maps_key" />
109-->src\main\AndroidManifest.xml:86:13-52
110
111        <receiver android:name="com.google.android.gms.cast.framework.media.MediaIntentReceiver" />
111-->[com.google.android.gms:play-services-cast-framework:12.0.1] AndroidManifest.xml:8:9-100
111-->[com.google.android.gms:play-services-cast-framework:12.0.1] AndroidManifest.xml:8:19-97
112
113        <service android:name="com.google.android.gms.cast.framework.media.MediaNotificationService" />
113-->[com.google.android.gms:play-services-cast-framework:12.0.1] AndroidManifest.xml:10:9-104
113-->[com.google.android.gms:play-services-cast-framework:12.0.1] AndroidManifest.xml:10:18-101
114        <service android:name="com.google.android.gms.cast.framework.ReconnectionService" /> <!-- Include the AdActivity and InAppPurchaseActivity configChanges and themes. -->
114-->[com.google.android.gms:play-services-cast-framework:12.0.1] AndroidManifest.xml:11:9-93
114-->[com.google.android.gms:play-services-cast-framework:12.0.1] AndroidManifest.xml:11:18-90
115        <activity
115-->[com.google.android.gms:play-services-ads-lite:12.0.1] AndroidManifest.xml:29:9-33:64
116            android:name="com.google.android.gms.ads.AdActivity"
116-->[com.google.android.gms:play-services-ads-lite:12.0.1] AndroidManifest.xml:30:13-65
117            android:configChanges="keyboard|keyboardHidden|orientation|screenLayout|uiMode|screenSize|smallestScreenSize"
117-->[com.google.android.gms:play-services-ads-lite:12.0.1] AndroidManifest.xml:31:13-122
118            android:exported="false"
118-->[com.google.android.gms:play-services-ads-lite:12.0.1] AndroidManifest.xml:32:13-37
119            android:theme="@android:style/Theme.Translucent" />
119-->[com.google.android.gms:play-services-ads-lite:12.0.1] AndroidManifest.xml:33:13-61
120
121        <receiver
121-->[com.google.android.gms:play-services-analytics:12.0.1] AndroidManifest.xml:30:9-34:20
122            android:name="com.google.android.gms.analytics.AnalyticsReceiver"
122-->[com.google.android.gms:play-services-analytics:12.0.1] AndroidManifest.xml:31:13-78
123            android:enabled="true"
123-->[com.google.android.gms:play-services-analytics:12.0.1] AndroidManifest.xml:32:13-35
124            android:exported="false" >
124-->[com.google.android.gms:play-services-analytics:12.0.1] AndroidManifest.xml:33:13-37
125        </receiver>
126
127        <service
127-->[com.google.android.gms:play-services-analytics:12.0.1] AndroidManifest.xml:36:9-39:40
128            android:name="com.google.android.gms.analytics.AnalyticsService"
128-->[com.google.android.gms:play-services-analytics:12.0.1] AndroidManifest.xml:37:13-77
129            android:enabled="true"
129-->[com.google.android.gms:play-services-analytics:12.0.1] AndroidManifest.xml:38:13-35
130            android:exported="false" />
130-->[com.google.android.gms:play-services-analytics:12.0.1] AndroidManifest.xml:39:13-37
131        <service
131-->[com.google.android.gms:play-services-analytics:12.0.1] AndroidManifest.xml:40:9-44:72
132            android:name="com.google.android.gms.analytics.AnalyticsJobService"
132-->[com.google.android.gms:play-services-analytics:12.0.1] AndroidManifest.xml:41:13-80
133            android:enabled="true"
133-->[com.google.android.gms:play-services-analytics:12.0.1] AndroidManifest.xml:42:13-35
134            android:exported="false"
134-->[com.google.android.gms:play-services-analytics:12.0.1] AndroidManifest.xml:43:13-37
135            android:permission="android.permission.BIND_JOB_SERVICE" />
135-->[com.google.android.gms:play-services-analytics:12.0.1] AndroidManifest.xml:44:13-69
136
137        <activity
137-->[com.google.android.gms:play-services-appinvite:12.0.1] AndroidManifest.xml:25:9-34:20
138            android:name="com.google.android.gms.appinvite.PreviewActivity"
138-->[com.google.android.gms:play-services-appinvite:12.0.1] AndroidManifest.xml:26:13-76
139            android:exported="true"
139-->[com.google.android.gms:play-services-appinvite:12.0.1] AndroidManifest.xml:27:13-36
140            android:theme="@style/Theme.AppInvite.Preview" >
140-->[com.google.android.gms:play-services-appinvite:12.0.1] AndroidManifest.xml:28:13-59
141            <intent-filter>
141-->[com.google.android.gms:play-services-appinvite:12.0.1] AndroidManifest.xml:29:13-33:29
142                <action android:name="com.google.android.gms.appinvite.ACTION_PREVIEW" />
142-->[com.google.android.gms:play-services-appinvite:12.0.1] AndroidManifest.xml:30:17-90
142-->[com.google.android.gms:play-services-appinvite:12.0.1] AndroidManifest.xml:30:25-87
143
144                <category android:name="android.intent.category.DEFAULT" />
144-->[com.google.android.gms:play-services-appinvite:12.0.1] AndroidManifest.xml:32:17-76
144-->[com.google.android.gms:play-services-appinvite:12.0.1] AndroidManifest.xml:32:27-73
145            </intent-filter>
146        </activity>
147        <activity
147-->[com.google.android.gms:play-services-auth:12.0.1] AndroidManifest.xml:23:9-27:75
148            android:name="com.google.android.gms.auth.api.signin.internal.SignInHubActivity"
148-->[com.google.android.gms:play-services-auth:12.0.1] AndroidManifest.xml:24:13-93
149            android:excludeFromRecents="true"
149-->[com.google.android.gms:play-services-auth:12.0.1] AndroidManifest.xml:25:13-46
150            android:exported="false"
150-->[com.google.android.gms:play-services-auth:12.0.1] AndroidManifest.xml:26:13-37
151            android:theme="@android:style/Theme.Translucent.NoTitleBar" />
151-->[com.google.android.gms:play-services-auth:12.0.1] AndroidManifest.xml:27:13-72
152        <!--
153            Service handling Google Sign-In user revocation. For apps that do not integrate with
154            Google Sign-In, this service will never be started.
155        -->
156        <service
156-->[com.google.android.gms:play-services-auth:12.0.1] AndroidManifest.xml:33:9-36:110
157            android:name="com.google.android.gms.auth.api.signin.RevocationBoundService"
157-->[com.google.android.gms:play-services-auth:12.0.1] AndroidManifest.xml:34:13-89
158            android:exported="true"
158-->[com.google.android.gms:play-services-auth:12.0.1] AndroidManifest.xml:35:13-36
159            android:permission="com.google.android.gms.auth.api.signin.permission.REVOCATION_NOTIFICATION" />
159-->[com.google.android.gms:play-services-auth:12.0.1] AndroidManifest.xml:36:13-107
160
161        <activity
161-->[com.google.firebase:firebase-auth:12.0.1] AndroidManifest.xml:23:9-29:75
162            android:name="com.google.firebase.auth.internal.FederatedSignInActivity"
162-->[com.google.firebase:firebase-auth:12.0.1] AndroidManifest.xml:24:13-85
163            android:excludeFromRecents="true"
163-->[com.google.firebase:firebase-auth:12.0.1] AndroidManifest.xml:25:13-46
164            android:exported="true"
164-->[com.google.firebase:firebase-auth:12.0.1] AndroidManifest.xml:26:13-36
165            android:launchMode="singleInstance"
165-->[com.google.firebase:firebase-auth:12.0.1] AndroidManifest.xml:27:13-48
166            android:permission="com.google.firebase.auth.api.gms.permission.LAUNCH_FEDERATED_SIGN_IN"
166-->[com.google.firebase:firebase-auth:12.0.1] AndroidManifest.xml:28:13-102
167            android:theme="@android:style/Theme.Translucent.NoTitleBar" />
167-->[com.google.firebase:firebase-auth:12.0.1] AndroidManifest.xml:29:13-72
168        <activity
168-->[com.google.android.gms:play-services-base:12.0.1] AndroidManifest.xml:23:9-26:75
169            android:name="com.google.android.gms.common.api.GoogleApiActivity"
169-->[com.google.android.gms:play-services-base:12.0.1] AndroidManifest.xml:24:13-79
170            android:exported="false"
170-->[com.google.android.gms:play-services-base:12.0.1] AndroidManifest.xml:25:13-37
171            android:theme="@android:style/Theme.Translucent.NoTitleBar" />
171-->[com.google.android.gms:play-services-base:12.0.1] AndroidManifest.xml:26:13-72
172        <!--
173             FirebaseMessagingService performs security checks at runtime,
174             no need for explicit permissions despite exported="true"
175        -->
176        <service
176-->[com.google.firebase:firebase-messaging:12.0.1] AndroidManifest.xml:28:9-34:19
177            android:name="com.google.firebase.messaging.FirebaseMessagingService"
177-->[com.google.firebase:firebase-messaging:12.0.1] AndroidManifest.xml:29:13-82
178            android:exported="true" >
178-->[com.google.firebase:firebase-messaging:12.0.1] AndroidManifest.xml:30:13-36
179            <intent-filter android:priority="-500" >
179-->[com.google.firebase:firebase-messaging:12.0.1] AndroidManifest.xml:31:13-33:29
179-->[com.google.firebase:firebase-messaging:12.0.1] AndroidManifest.xml:31:28-51
180                <action android:name="com.google.firebase.MESSAGING_EVENT" />
180-->[com.google.firebase:firebase-messaging:12.0.1] AndroidManifest.xml:32:17-78
180-->[com.google.firebase:firebase-messaging:12.0.1] AndroidManifest.xml:32:25-75
181            </intent-filter>
182        </service>
183        <service
183-->[com.google.android.gms:play-services-tagmanager-api:12.0.1] AndroidManifest.xml:27:9-30:40
184            android:name="com.google.android.gms.tagmanager.TagManagerService"
184-->[com.google.android.gms:play-services-tagmanager-api:12.0.1] AndroidManifest.xml:28:13-79
185            android:enabled="true"
185-->[com.google.android.gms:play-services-tagmanager-api:12.0.1] AndroidManifest.xml:29:13-35
186            android:exported="false" />
186-->[com.google.android.gms:play-services-tagmanager-api:12.0.1] AndroidManifest.xml:30:13-37
187
188        <activity
188-->[com.google.android.gms:play-services-tagmanager-api:12.0.1] AndroidManifest.xml:32:9-44:20
189            android:name="com.google.android.gms.tagmanager.TagManagerPreviewActivity"
189-->[com.google.android.gms:play-services-tagmanager-api:12.0.1] AndroidManifest.xml:33:13-87
190            android:exported="true"
190-->[com.google.android.gms:play-services-tagmanager-api:12.0.1] AndroidManifest.xml:34:13-36
191            android:noHistory="true" > <!-- optional, removes the previewActivity from the activity stack. -->
191-->[com.google.android.gms:play-services-tagmanager-api:12.0.1] AndroidManifest.xml:35:13-37
192            <intent-filter>
192-->[com.google.android.gms:play-services-tagmanager-api:12.0.1] AndroidManifest.xml:36:13-43:29
193                <data android:scheme="tagmanager.c.app.smart.com.alcohaldetection" />
193-->[com.google.android.gms:play-services-tagmanager-api:12.0.1] AndroidManifest.xml:37:17-72
193-->[com.google.android.gms:play-services-tagmanager-api:12.0.1] AndroidManifest.xml:37:23-69
194
195                <action android:name="android.intent.action.VIEW" />
195-->[com.google.android.gms:play-services-tagmanager-api:12.0.1] AndroidManifest.xml:39:17-69
195-->[com.google.android.gms:play-services-tagmanager-api:12.0.1] AndroidManifest.xml:39:25-66
196
197                <category android:name="android.intent.category.DEFAULT" />
197-->[com.google.android.gms:play-services-appinvite:12.0.1] AndroidManifest.xml:32:17-76
197-->[com.google.android.gms:play-services-appinvite:12.0.1] AndroidManifest.xml:32:27-73
198                <category android:name="android.intent.category.BROWSABLE" />
198-->[com.google.android.gms:play-services-tagmanager-api:12.0.1] AndroidManifest.xml:42:17-78
198-->[com.google.android.gms:play-services-tagmanager-api:12.0.1] AndroidManifest.xml:42:27-75
199            </intent-filter>
200        </activity>
201
202        <receiver
202-->[com.google.firebase:firebase-analytics:12.0.1] AndroidManifest.xml:28:9-32:20
203            android:name="com.google.android.gms.measurement.AppMeasurementReceiver"
203-->[com.google.firebase:firebase-analytics:12.0.1] AndroidManifest.xml:29:13-85
204            android:enabled="true"
204-->[com.google.firebase:firebase-analytics:12.0.1] AndroidManifest.xml:30:13-35
205            android:exported="false" >
205-->[com.google.firebase:firebase-analytics:12.0.1] AndroidManifest.xml:31:13-37
206        </receiver>
207        <receiver
207-->[com.google.firebase:firebase-analytics:12.0.1] AndroidManifest.xml:33:9-41:20
208            android:name="com.google.android.gms.measurement.AppMeasurementInstallReferrerReceiver"
208-->[com.google.firebase:firebase-analytics:12.0.1] AndroidManifest.xml:34:13-100
209            android:enabled="true"
209-->[com.google.firebase:firebase-analytics:12.0.1] AndroidManifest.xml:35:13-35
210            android:exported="true"
210-->[com.google.firebase:firebase-analytics:12.0.1] AndroidManifest.xml:36:13-36
211            android:permission="android.permission.INSTALL_PACKAGES" >
211-->[com.google.firebase:firebase-analytics:12.0.1] AndroidManifest.xml:37:13-69
212            <intent-filter>
212-->[com.google.firebase:firebase-analytics:12.0.1] AndroidManifest.xml:38:13-40:29
213                <action android:name="com.android.vending.INSTALL_REFERRER" />
213-->[com.google.firebase:firebase-analytics:12.0.1] AndroidManifest.xml:39:17-79
213-->[com.google.firebase:firebase-analytics:12.0.1] AndroidManifest.xml:39:25-76
214            </intent-filter>
215        </receiver>
216
217        <service
217-->[com.google.firebase:firebase-analytics:12.0.1] AndroidManifest.xml:43:9-46:40
218            android:name="com.google.android.gms.measurement.AppMeasurementService"
218-->[com.google.firebase:firebase-analytics:12.0.1] AndroidManifest.xml:44:13-84
219            android:enabled="true"
219-->[com.google.firebase:firebase-analytics:12.0.1] AndroidManifest.xml:45:13-35
220            android:exported="false" />
220-->[com.google.firebase:firebase-analytics:12.0.1] AndroidManifest.xml:46:13-37
221        <service
221-->[com.google.firebase:firebase-analytics:12.0.1] AndroidManifest.xml:47:9-51:72
222            android:name="com.google.android.gms.measurement.AppMeasurementJobService"
222-->[com.google.firebase:firebase-analytics:12.0.1] AndroidManifest.xml:48:13-87
223            android:enabled="true"
223-->[com.google.firebase:firebase-analytics:12.0.1] AndroidManifest.xml:49:13-35
224            android:exported="false"
224-->[com.google.firebase:firebase-analytics:12.0.1] AndroidManifest.xml:50:13-37
225            android:permission="android.permission.BIND_JOB_SERVICE" />
225-->[com.google.firebase:firebase-analytics:12.0.1] AndroidManifest.xml:51:13-69
226
227        <receiver
227-->[com.google.firebase:firebase-iid:12.0.1] AndroidManifest.xml:35:9-44:20
228            android:name="com.google.firebase.iid.FirebaseInstanceIdReceiver"
228-->[com.google.firebase:firebase-iid:12.0.1] AndroidManifest.xml:36:13-78
229            android:exported="true"
229-->[com.google.firebase:firebase-iid:12.0.1] AndroidManifest.xml:37:13-36
230            android:permission="com.google.android.c2dm.permission.SEND" >
230-->[com.google.firebase:firebase-iid:12.0.1] AndroidManifest.xml:38:13-73
231            <intent-filter>
231-->[com.google.firebase:firebase-iid:12.0.1] AndroidManifest.xml:39:13-43:29
232                <action android:name="com.google.android.c2dm.intent.RECEIVE" />
232-->[com.google.firebase:firebase-iid:12.0.1] AndroidManifest.xml:40:17-81
232-->[com.google.firebase:firebase-iid:12.0.1] AndroidManifest.xml:40:25-78
233
234                <category android:name="app.smart.com.alcohaldetection" />
234-->[com.google.firebase:firebase-iid:12.0.1] AndroidManifest.xml:42:17-61
234-->[com.google.firebase:firebase-iid:12.0.1] AndroidManifest.xml:42:27-58
235            </intent-filter>
236        </receiver>
237        <!--
238             FirebaseInstanceIdService performs security checks at runtime,
239             no need for explicit permissions despite exported="true"
240        -->
241        <service
241-->[com.google.firebase:firebase-iid:12.0.1] AndroidManifest.xml:50:9-56:19
242            android:name="com.google.firebase.iid.FirebaseInstanceIdService"
242-->[com.google.firebase:firebase-iid:12.0.1] AndroidManifest.xml:51:13-77
243            android:exported="true" >
243-->[com.google.firebase:firebase-iid:12.0.1] AndroidManifest.xml:52:13-36
244            <intent-filter android:priority="-500" >
244-->[com.google.firebase:firebase-iid:12.0.1] AndroidManifest.xml:53:13-55:29
244-->[com.google.firebase:firebase-iid:12.0.1] AndroidManifest.xml:53:28-51
245                <action android:name="com.google.firebase.INSTANCE_ID_EVENT" />
245-->[com.google.firebase:firebase-iid:12.0.1] AndroidManifest.xml:54:17-80
245-->[com.google.firebase:firebase-iid:12.0.1] AndroidManifest.xml:54:25-77
246            </intent-filter>
247        </service>
248
249        <provider
249-->[com.google.firebase:firebase-common:12.0.1] AndroidManifest.xml:8:9-12:39
250            android:name="com.google.firebase.provider.FirebaseInitProvider"
250-->[com.google.firebase:firebase-common:12.0.1] AndroidManifest.xml:9:13-77
251            android:authorities="app.smart.com.alcohaldetection.firebaseinitprovider"
251-->[com.google.firebase:firebase-common:12.0.1] AndroidManifest.xml:10:13-72
252            android:exported="false"
252-->[com.google.firebase:firebase-common:12.0.1] AndroidManifest.xml:11:13-37
253            android:initOrder="100" />
253-->[com.google.firebase:firebase-common:12.0.1] AndroidManifest.xml:12:13-36
254
255        <meta-data
255-->[com.google.android.gms:play-services-basement:12.0.1] AndroidManifest.xml:23:9-25:69
256            android:name="com.google.android.gms.version"
256-->[com.google.android.gms:play-services-basement:12.0.1] AndroidManifest.xml:24:13-58
257            android:value="@integer/google_play_services_version" />
257-->[com.google.android.gms:play-services-basement:12.0.1] AndroidManifest.xml:25:13-66
258    </application>
259
260</manifest>